<?xml version="1.0" encoding="UTF-8"?>
<!-- Generated by org.testng.reporters.JUnitXMLReporter -->
<testsuite ignored="0" hostname="Pratik" failures="1" tests="7" name="HealthProgramsAndServicesTests" time="57.834" errors="0" timestamp="2025-01-27T16:37:03 IST">
  <testcase classname="com.ahec.testCases.TC_HealthProgramsAndServicesTest_002" name="testVerifyCommunityBasedStudentEducation" time="4.784"/>
  <testcase classname="com.ahec.testCases.TC_HealthProgramsAndServicesTest_002" name="testVerifyContinuingEducationService" time="3.631"/>
  <testcase classname="com.ahec.testCases.TC_HealthProgramsAndServicesTest_002" name="testVerifyCoveringFlorida" time="9.488"/>
  <testcase classname="com.ahec.testCases.TC_HealthProgramsAndServicesTest_002" name="testVerifyTobacco" time="6.236"/>
  <testcase classname="com.ahec.testCases.TC_HealthProgramsAndServicesTest_002" name="testVerifyAhecScholar" time="10.073"/>
  <testcase classname="com.ahec.testCases.TC_HealthProgramsAndServicesTest_002" name="testVerifyHealthyAgeing" time="5.424"/>
  <testcase classname="com.ahec.testCases.TC_HealthProgramsAndServicesTest_002" name="testEmbededVideo" time="4.648">
    <failure type="java.lang.AssertionError" message="Embedded video test failed.">
      <![CDATA[java.lang.AssertionError: Embedded video test failed.
at com.ahec.testCases.TC_HealthProgramsAndServicesTest_002.testEmbededVideo(TC_HealthProgramsAndServicesTest_002.java:202)
at java.base/java.util.ArrayList.forEach(ArrayList.java:1596)
at java.base/java.util.concurrent.FutureTask.run(FutureTask.java:317)
at java.base/java.util.concurrent.ThreadPoolExecutor.runWorker(ThreadPoolExecutor.java:1144)
at java.base/java.util.concurrent.ThreadPoolExecutor$Worker.run(ThreadPoolExecutor.java:642)
at java.base/java.lang.Thread.run(Thread.java:1583)
... Removed 16 stack frames]]>
    </failure>
  </testcase> <!-- testEmbededVideo -->
</testsuite> <!-- HealthProgramsAndServicesTests -->
