<?xml version="1.0" encoding="UTF-8"?>
<!-- Generated by org.testng.reporters.JUnitXMLReporter -->
<testsuite ignored="0" hostname="Pratik" failures="2" tests="8" name="HealthProgramsAndServicesTests" time="96.874" errors="0" timestamp="2025-01-25T14:50:23 IST">
  <testcase classname="com.ahec.testCases.TC_HealthProgramsAndServicesTest_002" name="testVerifyCommunityBasedStudentEducation" time="12.848"/>
  <testcase classname="com.ahec.testCases.TC_HealthProgramsAndServicesTest_002" name="testVerifyContinuingEducationService" time="6.764"/>
  <testcase classname="com.ahec.testCases.TC_HealthProgramsAndServicesTest_002" name="testVerifyCoveringFlorida" time="11.572"/>
  <testcase classname="com.ahec.testCases.TC_HealthProgramsAndServicesTest_002" name="testVerifyTobacco" time="10.737"/>
  <testcase classname="com.ahec.testCases.TC_HealthProgramsAndServicesTest_002" name="testVerifyAhecScholar" time="8.508"/>
  <testcase classname="com.ahec.testCases.TC_HealthProgramsAndServicesTest_002" name="testVerifyHealthyAgeing" time="9.298"/>
  <testcase classname="com.ahec.testCases.TC_HealthProgramsAndServicesTest_002" name="testEmbededVideo" time="2.973">
    <failure type="java.lang.AssertionError" message="Embedded video test failed.">
      <![CDATA[java.lang.AssertionError: Embedded video test failed.
at com.ahec.testCases.TC_HealthProgramsAndServicesTest_002.testEmbededVideo(TC_HealthProgramsAndServicesTest_002.java:202)
at java.base/java.util.ArrayList.forEach(ArrayList.java:1596)
at java.base/java.util.concurrent.FutureTask.run(FutureTask.java:317)
at java.base/java.util.concurrent.ThreadPoolExecutor.runWorker(ThreadPoolExecutor.java:1144)
at java.base/java.util.concurrent.ThreadPoolExecutor$Worker.run(ThreadPoolExecutor.java:642)
at java.base/java.lang.Thread.run(Thread.java:1583)
... Removed 16 stack frames]]>
    </failure>
  </testcase> <!-- testEmbededVideo -->
  <testcase classname="com.ahec.testCases.TC_HealthProgramsAndServicesTest_002" name="testIframeForInvaidZipCode" time="5.164">
    <failure type="java.lang.AssertionError" message="Iframe test failed.">
      <![CDATA[java.lang.AssertionError: Iframe test failed.
at com.ahec.testCases.TC_HealthProgramsAndServicesTest_002.testIframeForInvaidZipCode(TC_HealthProgramsAndServicesTest_002.java:245)
at java.base/java.util.ArrayList.forEach(ArrayList.java:1596)
at java.base/java.util.concurrent.FutureTask.run(FutureTask.java:317)
at java.base/java.util.concurrent.ThreadPoolExecutor.runWorker(ThreadPoolExecutor.java:1144)
at java.base/java.util.concurrent.ThreadPoolExecutor$Worker.run(ThreadPoolExecutor.java:642)
at java.base/java.lang.Thread.run(Thread.java:1583)
... Removed 16 stack frames]]>
    </failure>
  </testcase> <!-- testIframeForInvaidZipCode -->
</testsuite> <!-- HealthProgramsAndServicesTests -->
