<?xml version="1.0" encoding="UTF-8"?>
<!-- Generated by org.testng.reporters.JUnitXMLReporter -->
<testsuite ignored="0" hostname="Pratik" failures="0" tests="14" name="HomePageTests" time="63.407" errors="0" timestamp="2025-01-27T16:37:08 IST">
  <testcase classname="com.ahec.testCases.TC_HomePage_001" name="testVerifyURL" time="0.102"/>
  <testcase classname="com.ahec.testCases.TC_HomePage_001" name="testVerifyHomePageTitle" time="1.775"/>
  <testcase classname="com.ahec.testCases.TC_HomePage_001" name="testHomePageLogoIsDisplayed" time="0.212"/>
  <testcase classname="com.ahec.testCases.TC_HomePage_001" name="testVerifyNavigationMenu" time="0.134"/>
  <testcase classname="com.ahec.testCases.TC_HomePage_001" name="testVerifyHealthPrograms" time="3.509"/>
  <testcase classname="com.ahec.testCases.TC_HomePage_001" name="testVerifyServicesDisplayed" time="0.17"/>
  <testcase classname="com.ahec.testCases.TC_HomePage_001" name="testVerifyCPRDisplayed" time="0.132"/>
  <testcase classname="com.ahec.testCases.TC_HomePage_001" name="testVerifyContactUsDisplayed" time="0.178"/>
  <testcase classname="com.ahec.testCases.TC_HomePage_001" name="testVerifyNewsDisplayed" time="0.271"/>
  <testcase classname="com.ahec.testCases.TC_HomePage_001" name="testVerifyMyAccountDisplayed" time="0.243"/>
  <testcase classname="com.ahec.testCases.TC_HomePage_001" name="testVerifyContactUsFunctionality" time="7.971"/>
  <testcase classname="com.ahec.testCases.TC_HomePage_001" name="testSearchBoxWithValidInputs" time="6.266"/>
  <testcase classname="com.ahec.testCases.TC_HomePage_001" name="testSearchBoxWithInvalidInputs" time="4.642"/>
  <testcase classname="com.ahec.testCases.TC_HomePage_001" name="testVerifySearchBar" time="2.201"/>
</testsuite> <!-- HomePageTests -->
