<?xml version="1.0" encoding="UTF-8"?>
<!-- Generated by org.testng.reporters.JUnitXMLReporter -->
<testsuite ignored="0" hostname="Pratik" failures="0" tests="14" name="HomePageTests" time="80.065" errors="0" timestamp="2025-01-25T14:50:07 IST">
  <testcase classname="com.ahec.testCases.TC_HomePage_001" name="testVerifyURL" time="0.079"/>
  <testcase classname="com.ahec.testCases.TC_HomePage_001" name="testVerifyHomePageTitle" time="0.031"/>
  <testcase classname="com.ahec.testCases.TC_HomePage_001" name="testHomePageLogoIsDisplayed" time="0.451"/>
  <testcase classname="com.ahec.testCases.TC_HomePage_001" name="testVerifyNavigationMenu" time="0.215"/>
  <testcase classname="com.ahec.testCases.TC_HomePage_001" name="testVerifyHealthPrograms" time="2.971"/>
  <testcase classname="com.ahec.testCases.TC_HomePage_001" name="testVerifyServicesDisplayed" time="0.43"/>
  <testcase classname="com.ahec.testCases.TC_HomePage_001" name="testVerifyCPRDisplayed" time="0.621"/>
  <testcase classname="com.ahec.testCases.TC_HomePage_001" name="testVerifyContactUsDisplayed" time="0.338"/>
  <testcase classname="com.ahec.testCases.TC_HomePage_001" name="testVerifyNewsDisplayed" time="0.129"/>
  <testcase classname="com.ahec.testCases.TC_HomePage_001" name="testVerifyMyAccountDisplayed" time="0.116"/>
  <testcase classname="com.ahec.testCases.TC_HomePage_001" name="testVerifyContactUsFunctionality" time="10.872"/>
  <testcase classname="com.ahec.testCases.TC_HomePage_001" name="testSearchBoxWithValidInputs" time="11.124"/>
  <testcase classname="com.ahec.testCases.TC_HomePage_001" name="testSearchBoxWithInvalidInputs" time="4.562"/>
  <testcase classname="com.ahec.testCases.TC_HomePage_001" name="testVerifySearchBar" time="4.638"/>
</testsuite> <!-- HomePageTests -->
