<?xml version="1.0" encoding="UTF-8"?>
<!-- Generated by org.testng.reporters.JUnitXMLReporter -->
<testsuite ignored="0" hostname="Pratik" failures="2" tests="3" name="LoginTests" time="58.573" errors="0" timestamp="2025-01-27T16:37:03 IST">
  <testcase classname="com.ahec.testCases.TC_LoginTest_003" name="testUserRegistration" time="14.062">
    <failure type="java.lang.AssertionError" message="User Registration failed.">
      <![CDATA[java.lang.AssertionError: User Registration failed.
at com.ahec.testCases.TC_LoginTest_003.testUserRegistration(TC_LoginTest_003.java:56)
at java.base/java.util.ArrayList.forEach(ArrayList.java:1596)
at java.base/java.util.concurrent.FutureTask.run(FutureTask.java:317)
at java.base/java.util.concurrent.ThreadPoolExecutor.runWorker(ThreadPoolExecutor.java:1144)
at java.base/java.util.concurrent.ThreadPoolExecutor$Worker.run(ThreadPoolExecutor.java:642)
at java.base/java.lang.Thread.run(Thread.java:1583)
... Removed 16 stack frames]]>
    </failure>
  </testcase> <!-- testUserRegistration -->
  <testcase classname="com.ahec.testCases.TC_LoginTest_003" name="testVerifyLogin" time="11.2"/>
  <testcase classname="com.ahec.testCases.TC_LoginTest_003" name="testForgotPassword" time="7.086">
    <failure type="java.lang.AssertionError" message="Forgot password process failed.">
      <![CDATA[java.lang.AssertionError: Forgot password process failed.
at com.ahec.testCases.TC_LoginTest_003.testForgotPassword(TC_LoginTest_003.java:112)
at java.base/java.util.ArrayList.forEach(ArrayList.java:1596)
at java.base/java.util.concurrent.FutureTask.run(FutureTask.java:317)
at java.base/java.util.concurrent.ThreadPoolExecutor.runWorker(ThreadPoolExecutor.java:1144)
at java.base/java.util.concurrent.ThreadPoolExecutor$Worker.run(ThreadPoolExecutor.java:642)
at java.base/java.lang.Thread.run(Thread.java:1583)
... Removed 16 stack frames]]>
    </failure>
  </testcase> <!-- testForgotPassword -->
</testsuite> <!-- LoginTests -->
